{"/Users/amywynn/Documents/coursework/week_07/day_3/lab_7_car/car.js": {"path":"/Users/amywynn/Documents/coursework/week_07/day_3/lab_7_car/car.js","statementMap":{"0":{"start":{"line":1,"column":12},"end":{"line":5,"column":1}},"1":{"start":{"line":2,"column":4},"end":{"line":2,"column":37}},"2":{"start":{"line":3,"column":4},"end":{"line":3,"column":23}},"3":{"start":{"line":4,"column":4},"end":{"line":4,"column":33}},"4":{"start":{"line":10,"column":0},"end":{"line":10,"column":22}}},"fnMap":{"0":{"name":"(anonymous_0)","decl":{"start":{"line":1,"column":12},"end":{"line":1,"column":13}},"loc":{"start":{"line":1,"column":53},"end":{"line":5,"column":1}},"line":1}},"branchMap":{},"s":{"0":1,"1":1,"2":1,"3":1,"4":1},"f":{"0":1},"b":{},"_coverageSchema":"1a1c01bbd47fc00a2c39e90264f33305004495a9","hash":"29e19c35fe1e443e75cd65bce0955a1344373eb1"}
}
